
ROM used:   1648/8192 (20%)
            1648/8192 (20%) including unused fragments

            1.1 Average locations per line
            4.7 Average locations per statement

RAM used:   12/368 (3%) at main() level
            32/368 (9%) worst case

Stack used: 0 worst case (0 in main + 0 for interrupts)
Stack size: 8

Lines Stmts  %   Files
----- ----- ---  -----
  380   263  76  otomasyon.c
  629     0   0  ..\..\..\..\..\Program Files (x86)\PICC\Devices\16f877.h
   28     0   0  ..\..\..\..\..\Program Files (x86)\PICC\Drivers\ctype.h
  456    84  24  ..\..\..\..\..\Program Files (x86)\PICC\Drivers\lcd.c
----- -----
 1493   347 Total

Page ROM  %  RAM   Vol Diff  Functions:
---- --- --- ---   --- ----  ----------
0     21   1    1             @delay_ms1
0      8   0    0             @const622
 Inline         3   596  5.9  lcd_read_byte
0      6   0    0    59  4.2  lcd_read_nibble
0     12   1    1   179  3.3  lcd_send_nibble
0     64   4    3   460  4.7  lcd_send_byte
0     51   3    2   667  5.9  lcd_init
0     18   1    4   208  6.3  lcd_gotoxy
0     44   3    1   354  4.7  lcd_putc
0     48   3    0   204  1.8  MAIN
0     27   2    2    80  2.4  temp1
0     27   2    2    90  2.5  temp2
0    252  15    1  1840  2.9  keypad
0    732  44    1  8260  9.0  system_app
0      8   0    0             @const666
0     75   5    4             @PSTRINGC7_640
0      8   0    0             @const668
0      7   0    0             @const673
0      7   0    0             @const674
0      4   0    0             @const675
0      4   0    0             @const676
0      4   0    0             @const677
0      4   0    0             @const678
0     21   1    3             @DIV88
0     87   5    6             @PRINTF_D_640
0      8   0    0             @const686
0     37   2    2             @MUL88
0      4   0    0             @const690
0      4   0    0             @const693
0      8   0    0             @const695
0      4   0    0             @const696
0      4   0    0             @const698
0      6   0    0             @const701
0      6   0    0             @const703
0      3   0    0             @const705
0      3   0    0             @const707
0      3   0    0             @const709
0      3   0    0             @const711
0      3   0    0             @const713
0      3   0    0             @const715
0      3   0    0             @const717
0      3   0    0             @const719
 Inline         0             @cinit1

Program metrics:
    Functions               12
    Statements              347
    Comments                237
    Volume (V)              17287
    Difficulty (D)          49.9
    Effort to implement (E) 862165
    Time to implement (T)   13 hours, 18 minutes
    Est Delivered Bugs (B)  3
    Cyclomatic Complexity   49
    Maintainability (MI)    106

 Segment     Used  Free
-----------  ----  ----
00000-00003     4  0  
00004-007FF  1644  400  
00800-00FFF     0  2048  
01000-017FF     0  2048  
01800-01FFF     0  2048  



